<?xml version="1.0" encoding="UTF-8"?>
<!-- Generated by org.testng.reporters.JUnitXMLReporter -->
<testsuite ignored="0" hostname="IN-PG0342V7" failures="0" tests="4" name="Default test" time="11.67" errors="0" timestamp="2025-02-26T11:53:21 IST">
  <testcase classname="api.test.UserTest" name="testPostUser" time="4.01"/>
  <testcase classname="api.test.UserTest" name="testGetUserByName" time="1.724"/>
  <testcase classname="api.test.UserTest" name="testUpdateUser" time="3.576"/>
  <testcase classname="api.test.UserTest" name="testDeleteUserByName" time="1.598"/>
</testsuite> <!-- Default test -->
