<?xml version="1.0" encoding="UTF-8"?>
<!-- Generated by org.testng.reporters.JUnitXMLReporter -->
<testsuite ignored="0" hostname="IN-PG0342V7" failures="0" tests="4" name="Test" time="10.178" errors="0" timestamp="2025-02-26T09:17:14 IST">
  <testcase classname="api.test.UserTest" name="testPostUser" time="2.994"/>
  <testcase classname="api.test.UserTest" name="testGetUserByName" time="1.637"/>
  <testcase classname="api.test.UserTest" name="testUpdateUser" time="3.259"/>
  <testcase classname="api.test.UserTest" name="testDeleteUserByName" time="2.039"/>
</testsuite> <!-- Test -->
